app/build/intermediates/manifest_merge_blame_file/debug/manifest-merger-blame-debug-report.txt
1<?xml version="1.0" encoding="utf-8"?>
2<manifest xmlns:android="http://schemas.android.com/apk/res/android"
3    package="com.prime.toolz2.debug"
4    android:versionCode="48"
5    android:versionName="1.0.0-debug" >
6
7    <uses-sdk
8        android:minSdkVersion="21"
9        android:targetSdkVersion="34" />
10
11    <uses-permission android:name="com.google.android.gms.permission.AD_ID" />
11-->src/main/AndroidManifest.xml:5:5-79
11-->src/main/AndroidManifest.xml:5:22-76
12    <uses-permission android:name="android.permission.ACCESS_NETWORK_STATE" />
12-->[com.unity3d.ads:unity-ads:4.8.0] AndroidManifest.xml:8:5-79
12-->[com.unity3d.ads:unity-ads:4.8.0] AndroidManifest.xml:8:22-76
13    <uses-permission android:name="android.permission.INTERNET" />
13-->[com.unity3d.ads:unity-ads:4.8.0] AndroidManifest.xml:9:5-67
13-->[com.unity3d.ads:unity-ads:4.8.0] AndroidManifest.xml:9:22-64
14    <uses-permission android:name="android.permission.WAKE_LOCK" />
14-->[com.google.android.gms:play-services-measurement-api:21.3.0] AndroidManifest.xml:24:5-68
14-->[com.google.android.gms:play-services-measurement-api:21.3.0] AndroidManifest.xml:24:22-65
15    <uses-permission android:name="com.android.vending.BILLING" />
15-->[com.android.billingclient:billing-ktx:6.0.1] AndroidManifest.xml:9:5-67
15-->[com.android.billingclient:billing-ktx:6.0.1] AndroidManifest.xml:9:22-64
16    <uses-permission android:name="com.google.android.finsky.permission.BIND_GET_INSTALL_REFERRER_SERVICE" />
16-->[com.google.android.gms:play-services-measurement:21.3.0] AndroidManifest.xml:26:5-110
16-->[com.google.android.gms:play-services-measurement:21.3.0] AndroidManifest.xml:26:22-107
17
18    <permission
18-->[androidx.core:core:1.11.0-beta02] AndroidManifest.xml:22:5-24:47
19        android:name="com.prime.toolz2.debug.DYNAMIC_RECEIVER_NOT_EXPORTED_PERMISSION"
19-->[androidx.core:core:1.11.0-beta02] AndroidManifest.xml:23:9-81
20        android:protectionLevel="signature" />
20-->[androidx.core:core:1.11.0-beta02] AndroidManifest.xml:24:9-44
21
22    <uses-permission android:name="com.prime.toolz2.debug.DYNAMIC_RECEIVER_NOT_EXPORTED_PERMISSION" />
22-->[androidx.core:core:1.11.0-beta02] AndroidManifest.xml:26:5-97
22-->[androidx.core:core:1.11.0-beta02] AndroidManifest.xml:26:22-94
23
24    <queries>
24-->[com.android.billingclient:billing:6.0.1] AndroidManifest.xml:12:5-16:15
25        <intent>
25-->[com.android.billingclient:billing:6.0.1] AndroidManifest.xml:13:9-15:18
26            <action android:name="com.android.vending.billing.InAppBillingService.BIND" />
26-->[com.android.billingclient:billing:6.0.1] AndroidManifest.xml:14:13-91
26-->[com.android.billingclient:billing:6.0.1] AndroidManifest.xml:14:21-88
27        </intent>
28    </queries>
29
30    <application
30-->src/main/AndroidManifest.xml:15:5-40:19
31        android:name="com.prime.toolz.Toolz"
31-->src/main/AndroidManifest.xml:16:9-30
32        android:allowBackup="true"
32-->src/main/AndroidManifest.xml:17:9-35
33        android:appComponentFactory="androidx.core.app.CoreComponentFactory"
33-->[androidx.core:core:1.11.0-beta02] AndroidManifest.xml:28:18-86
34        android:dataExtractionRules="@xml/data_extraction_rules"
34-->src/main/AndroidManifest.xml:18:9-65
35        android:debuggable="true"
36        android:extractNativeLibs="true"
37        android:fullBackupContent="@xml/backup_rules"
37-->src/main/AndroidManifest.xml:19:9-54
38        android:icon="@mipmap/ic_launcher"
38-->src/main/AndroidManifest.xml:20:9-43
39        android:label="@string/app_name"
39-->src/main/AndroidManifest.xml:21:9-41
40        android:supportsRtl="true"
40-->src/main/AndroidManifest.xml:22:9-35
41        android:testOnly="true"
42        android:theme="@style/Theme.Splash" >
42-->src/main/AndroidManifest.xml:23:9-44
43
44        <!-- MainActivity -->
45        <activity
45-->src/main/AndroidManifest.xml:27:9-38:20
46            android:name="com.prime.toolz.MainActivity"
46-->src/main/AndroidManifest.xml:28:13-41
47            android:exported="true"
47-->src/main/AndroidManifest.xml:29:13-36
48            android:windowSoftInputMode="adjustResize" >
48-->src/main/AndroidManifest.xml:30:13-55
49
50            <!-- Launcher Intent Filter. -->
51            <intent-filter>
51-->src/main/AndroidManifest.xml:33:13-36:29
52                <action android:name="android.intent.action.MAIN" />
52-->src/main/AndroidManifest.xml:34:17-69
52-->src/main/AndroidManifest.xml:34:25-66
53
54                <category android:name="android.intent.category.LAUNCHER" />
54-->src/main/AndroidManifest.xml:35:17-77
54-->src/main/AndroidManifest.xml:35:27-74
55            </intent-filter>
56        </activity>
57        <!--  -->
58        <activity
58-->[com.unity3d.ads:unity-ads:4.8.0] AndroidManifest.xml:13:9-18:74
59            android:name="com.unity3d.services.ads.adunit.AdUnitActivity"
59-->[com.unity3d.ads:unity-ads:4.8.0] AndroidManifest.xml:14:13-74
60            android:configChanges="fontScale|keyboard|keyboardHidden|locale|mnc|mcc|navigation|orientation|screenLayout|screenSize|smallestScreenSize|uiMode|touchscreen"
60-->[com.unity3d.ads:unity-ads:4.8.0] AndroidManifest.xml:15:13-170
61            android:exported="false"
61-->[com.unity3d.ads:unity-ads:4.8.0] AndroidManifest.xml:16:13-37
62            android:hardwareAccelerated="true"
62-->[com.unity3d.ads:unity-ads:4.8.0] AndroidManifest.xml:17:13-47
63            android:theme="@android:style/Theme.NoTitleBar.Fullscreen" />
63-->[com.unity3d.ads:unity-ads:4.8.0] AndroidManifest.xml:18:13-71
64        <activity
64-->[com.unity3d.ads:unity-ads:4.8.0] AndroidManifest.xml:19:9-24:86
65            android:name="com.unity3d.services.ads.adunit.AdUnitTransparentActivity"
65-->[com.unity3d.ads:unity-ads:4.8.0] AndroidManifest.xml:20:13-85
66            android:configChanges="fontScale|keyboard|keyboardHidden|locale|mnc|mcc|navigation|orientation|screenLayout|screenSize|smallestScreenSize|uiMode|touchscreen"
66-->[com.unity3d.ads:unity-ads:4.8.0] AndroidManifest.xml:21:13-170
67            android:exported="false"
67-->[com.unity3d.ads:unity-ads:4.8.0] AndroidManifest.xml:22:13-37
68            android:hardwareAccelerated="true"
68-->[com.unity3d.ads:unity-ads:4.8.0] AndroidManifest.xml:23:13-47
69            android:theme="@android:style/Theme.Translucent.NoTitleBar.Fullscreen" />
69-->[com.unity3d.ads:unity-ads:4.8.0] AndroidManifest.xml:24:13-83
70        <activity
70-->[com.unity3d.ads:unity-ads:4.8.0] AndroidManifest.xml:25:9-30:86
71            android:name="com.unity3d.services.ads.adunit.AdUnitTransparentSoftwareActivity"
71-->[com.unity3d.ads:unity-ads:4.8.0] AndroidManifest.xml:26:13-93
72            android:configChanges="fontScale|keyboard|keyboardHidden|locale|mnc|mcc|navigation|orientation|screenLayout|screenSize|smallestScreenSize|uiMode|touchscreen"
72-->[com.unity3d.ads:unity-ads:4.8.0] AndroidManifest.xml:27:13-170
73            android:exported="false"
73-->[com.unity3d.ads:unity-ads:4.8.0] AndroidManifest.xml:28:13-37
74            android:hardwareAccelerated="false"
74-->[com.unity3d.ads:unity-ads:4.8.0] AndroidManifest.xml:29:13-48
75            android:theme="@android:style/Theme.Translucent.NoTitleBar.Fullscreen" />
75-->[com.unity3d.ads:unity-ads:4.8.0] AndroidManifest.xml:30:13-83
76        <activity
76-->[com.unity3d.ads:unity-ads:4.8.0] AndroidManifest.xml:31:9-36:74
77            android:name="com.unity3d.services.ads.adunit.AdUnitSoftwareActivity"
77-->[com.unity3d.ads:unity-ads:4.8.0] AndroidManifest.xml:32:13-82
78            android:configChanges="fontScale|keyboard|keyboardHidden|locale|mnc|mcc|navigation|orientation|screenLayout|screenSize|smallestScreenSize|uiMode|touchscreen"
78-->[com.unity3d.ads:unity-ads:4.8.0] AndroidManifest.xml:33:13-170
79            android:exported="false"
79-->[com.unity3d.ads:unity-ads:4.8.0] AndroidManifest.xml:34:13-37
80            android:hardwareAccelerated="false"
80-->[com.unity3d.ads:unity-ads:4.8.0] AndroidManifest.xml:35:13-48
81            android:theme="@android:style/Theme.NoTitleBar.Fullscreen" />
81-->[com.unity3d.ads:unity-ads:4.8.0] AndroidManifest.xml:36:13-71
82
83        <provider
83-->[com.unity3d.ads:unity-ads:4.8.0] AndroidManifest.xml:38:9-52:20
84            android:name="androidx.startup.InitializationProvider"
84-->[com.unity3d.ads:unity-ads:4.8.0] AndroidManifest.xml:39:13-67
85            android:authorities="com.prime.toolz2.debug.androidx-startup"
85-->[com.unity3d.ads:unity-ads:4.8.0] AndroidManifest.xml:40:13-68
86            android:exported="false" >
86-->[androidx.emoji2:emoji2:1.3.0] AndroidManifest.xml:27:13-37
87            <meta-data
87-->[com.unity3d.ads:unity-ads:4.8.0] AndroidManifest.xml:42:13-44:52
88                android:name="androidx.lifecycle.ProcessLifecycleInitializer"
88-->[com.unity3d.ads:unity-ads:4.8.0] AndroidManifest.xml:43:17-78
89                android:value="androidx.startup" />
89-->[com.unity3d.ads:unity-ads:4.8.0] AndroidManifest.xml:44:17-49
90            <meta-data
90-->[com.unity3d.ads:unity-ads:4.8.0] AndroidManifest.xml:45:13-47:52
91                android:name="com.unity3d.services.core.configuration.AdsSdkInitializer"
91-->[com.unity3d.ads:unity-ads:4.8.0] AndroidManifest.xml:46:17-89
92                android:value="androidx.startup" />
92-->[com.unity3d.ads:unity-ads:4.8.0] AndroidManifest.xml:47:17-49
93            <meta-data
93-->[androidx.emoji2:emoji2:1.3.0] AndroidManifest.xml:29:13-31:52
94                android:name="androidx.emoji2.text.EmojiCompatInitializer"
94-->[androidx.emoji2:emoji2:1.3.0] AndroidManifest.xml:30:17-75
95                android:value="androidx.startup" />
95-->[androidx.emoji2:emoji2:1.3.0] AndroidManifest.xml:31:17-49
96            <meta-data
96-->[androidx.profileinstaller:profileinstaller:1.3.0] AndroidManifest.xml:29:13-31:52
97                android:name="androidx.profileinstaller.ProfileInstallerInitializer"
97-->[androidx.profileinstaller:profileinstaller:1.3.0] AndroidManifest.xml:30:17-85
98                android:value="androidx.startup" />
98-->[androidx.profileinstaller:profileinstaller:1.3.0] AndroidManifest.xml:31:17-49
99        </provider>
100
101        <service
101-->[com.google.firebase:firebase-crashlytics-ktx:18.4.0] AndroidManifest.xml:23:9-29:19
102            android:name="com.google.firebase.components.ComponentDiscoveryService"
102-->[com.google.firebase:firebase-crashlytics-ktx:18.4.0] AndroidManifest.xml:24:13-84
103            android:directBootAware="true"
103-->[com.google.firebase:firebase-common:20.3.3] AndroidManifest.xml:34:13-43
104            android:exported="false" >
104-->[com.google.firebase:firebase-crashlytics-ktx:18.4.0] AndroidManifest.xml:25:13-37
105            <meta-data
105-->[com.google.firebase:firebase-crashlytics-ktx:18.4.0] AndroidManifest.xml:26:13-28:85
106                android:name="com.google.firebase.components:com.google.firebase.crashlytics.ktx.FirebaseCrashlyticsKtxRegistrar"
106-->[com.google.firebase:firebase-crashlytics-ktx:18.4.0] AndroidManifest.xml:27:17-130
107                android:value="com.google.firebase.components.ComponentRegistrar" />
107-->[com.google.firebase:firebase-crashlytics-ktx:18.4.0] AndroidManifest.xml:28:17-82
108            <meta-data
108-->[com.google.firebase:firebase-analytics-ktx:21.3.0] AndroidManifest.xml:11:13-13:85
109                android:name="com.google.firebase.components:com.google.firebase.analytics.ktx.FirebaseAnalyticsKtxRegistrar"
109-->[com.google.firebase:firebase-analytics-ktx:21.3.0] AndroidManifest.xml:12:17-126
110                android:value="com.google.firebase.components.ComponentRegistrar" />
110-->[com.google.firebase:firebase-analytics-ktx:21.3.0] AndroidManifest.xml:13:17-82
111            <meta-data
111-->[com.google.firebase:firebase-crashlytics:18.4.0] AndroidManifest.xml:17:13-19:85
112                android:name="com.google.firebase.components:com.google.firebase.crashlytics.CrashlyticsRegistrar"
112-->[com.google.firebase:firebase-crashlytics:18.4.0] AndroidManifest.xml:18:17-115
113                android:value="com.google.firebase.components.ComponentRegistrar" />
113-->[com.google.firebase:firebase-crashlytics:18.4.0] AndroidManifest.xml:19:17-82
114            <meta-data
114-->[com.google.firebase:firebase-sessions:1.0.0] AndroidManifest.xml:27:13-29:85
115                android:name="com.google.firebase.components:com.google.firebase.sessions.FirebaseSessionsRegistrar"
115-->[com.google.firebase:firebase-sessions:1.0.0] AndroidManifest.xml:28:17-117
116                android:value="com.google.firebase.components.ComponentRegistrar" />
116-->[com.google.firebase:firebase-sessions:1.0.0] AndroidManifest.xml:29:17-82
117            <meta-data
117-->[com.google.firebase:firebase-common-ktx:20.3.3] AndroidManifest.xml:14:13-16:85
118                android:name="com.google.firebase.components:com.google.firebase.ktx.FirebaseCommonKtxRegistrar"
118-->[com.google.firebase:firebase-common-ktx:20.3.3] AndroidManifest.xml:15:17-113
119                android:value="com.google.firebase.components.ComponentRegistrar" />
119-->[com.google.firebase:firebase-common-ktx:20.3.3] AndroidManifest.xml:16:17-82
120            <meta-data
120-->[com.google.android.gms:play-services-measurement-api:21.3.0] AndroidManifest.xml:31:13-33:85
121                android:name="com.google.firebase.components:com.google.firebase.analytics.connector.internal.AnalyticsConnectorRegistrar"
121-->[com.google.android.gms:play-services-measurement-api:21.3.0] AndroidManifest.xml:32:17-139
122                android:value="com.google.firebase.components.ComponentRegistrar" />
122-->[com.google.android.gms:play-services-measurement-api:21.3.0] AndroidManifest.xml:33:17-82
123            <meta-data
123-->[com.google.firebase:firebase-installations:17.1.3] AndroidManifest.xml:17:13-19:85
124                android:name="com.google.firebase.components:com.google.firebase.installations.FirebaseInstallationsRegistrar"
124-->[com.google.firebase:firebase-installations:17.1.3] AndroidManifest.xml:18:17-127
125                android:value="com.google.firebase.components.ComponentRegistrar" />
125-->[com.google.firebase:firebase-installations:17.1.3] AndroidManifest.xml:19:17-82
126            <meta-data
126-->[com.google.firebase:firebase-datatransport:18.1.8] AndroidManifest.xml:27:13-29:85
127                android:name="com.google.firebase.components:com.google.firebase.datatransport.TransportRegistrar"
127-->[com.google.firebase:firebase-datatransport:18.1.8] AndroidManifest.xml:28:17-115
128                android:value="com.google.firebase.components.ComponentRegistrar" />
128-->[com.google.firebase:firebase-datatransport:18.1.8] AndroidManifest.xml:29:17-82
129        </service>
130        <service
130-->[androidx.room:room-runtime:2.6.0-alpha03] AndroidManifest.xml:24:9-28:63
131            android:name="androidx.room.MultiInstanceInvalidationService"
131-->[androidx.room:room-runtime:2.6.0-alpha03] AndroidManifest.xml:25:13-74
132            android:directBootAware="true"
132-->[androidx.room:room-runtime:2.6.0-alpha03] AndroidManifest.xml:26:13-43
133            android:exported="false" />
133-->[androidx.room:room-runtime:2.6.0-alpha03] AndroidManifest.xml:27:13-37
134
135        <provider
135-->[com.google.firebase:firebase-common:20.3.3] AndroidManifest.xml:25:9-30:39
136            android:name="com.google.firebase.provider.FirebaseInitProvider"
136-->[com.google.firebase:firebase-common:20.3.3] AndroidManifest.xml:26:13-77
137            android:authorities="com.prime.toolz2.debug.firebaseinitprovider"
137-->[com.google.firebase:firebase-common:20.3.3] AndroidManifest.xml:27:13-72
138            android:directBootAware="true"
138-->[com.google.firebase:firebase-common:20.3.3] AndroidManifest.xml:28:13-43
139            android:exported="false"
139-->[com.google.firebase:firebase-common:20.3.3] AndroidManifest.xml:29:13-37
140            android:initOrder="100" />
140-->[com.google.firebase:firebase-common:20.3.3] AndroidManifest.xml:30:13-36
141
142        <activity
142-->[com.google.android.gms:play-services-base:18.0.1] AndroidManifest.xml:20:9-22:45
143            android:name="com.google.android.gms.common.api.GoogleApiActivity"
143-->[com.google.android.gms:play-services-base:18.0.1] AndroidManifest.xml:20:19-85
144            android:exported="false"
144-->[com.google.android.gms:play-services-base:18.0.1] AndroidManifest.xml:22:19-43
145            android:theme="@android:style/Theme.Translucent.NoTitleBar" />
145-->[com.google.android.gms:play-services-base:18.0.1] AndroidManifest.xml:21:19-78
146
147        <uses-library
147-->[androidx.window:window:1.0.0] AndroidManifest.xml:25:9-27:40
148            android:name="androidx.window.extensions"
148-->[androidx.window:window:1.0.0] AndroidManifest.xml:26:13-54
149            android:required="false" />
149-->[androidx.window:window:1.0.0] AndroidManifest.xml:27:13-37
150        <uses-library
150-->[androidx.window:window:1.0.0] AndroidManifest.xml:28:9-30:40
151            android:name="androidx.window.sidecar"
151-->[androidx.window:window:1.0.0] AndroidManifest.xml:29:13-51
152            android:required="false" />
152-->[androidx.window:window:1.0.0] AndroidManifest.xml:30:13-37
153
154        <receiver
154-->[com.google.android.gms:play-services-measurement:21.3.0] AndroidManifest.xml:29:9-33:20
155            android:name="com.google.android.gms.measurement.AppMeasurementReceiver"
155-->[com.google.android.gms:play-services-measurement:21.3.0] AndroidManifest.xml:30:13-85
156            android:enabled="true"
156-->[com.google.android.gms:play-services-measurement:21.3.0] AndroidManifest.xml:31:13-35
157            android:exported="false" >
157-->[com.google.android.gms:play-services-measurement:21.3.0] AndroidManifest.xml:32:13-37
158        </receiver>
159
160        <service
160-->[com.google.android.gms:play-services-measurement:21.3.0] AndroidManifest.xml:35:9-38:40
161            android:name="com.google.android.gms.measurement.AppMeasurementService"
161-->[com.google.android.gms:play-services-measurement:21.3.0] AndroidManifest.xml:36:13-84
162            android:enabled="true"
162-->[com.google.android.gms:play-services-measurement:21.3.0] AndroidManifest.xml:37:13-35
163            android:exported="false" />
163-->[com.google.android.gms:play-services-measurement:21.3.0] AndroidManifest.xml:38:13-37
164        <service
164-->[com.google.android.gms:play-services-measurement:21.3.0] AndroidManifest.xml:39:9-43:72
165            android:name="com.google.android.gms.measurement.AppMeasurementJobService"
165-->[com.google.android.gms:play-services-measurement:21.3.0] AndroidManifest.xml:40:13-87
166            android:enabled="true"
166-->[com.google.android.gms:play-services-measurement:21.3.0] AndroidManifest.xml:41:13-35
167            android:exported="false"
167-->[com.google.android.gms:play-services-measurement:21.3.0] AndroidManifest.xml:42:13-37
168            android:permission="android.permission.BIND_JOB_SERVICE" />
168-->[com.google.android.gms:play-services-measurement:21.3.0] AndroidManifest.xml:43:13-69
169
170        <meta-data
170-->[com.google.android.gms:play-services-basement:18.1.0] AndroidManifest.xml:21:9-23:69
171            android:name="com.google.android.gms.version"
171-->[com.google.android.gms:play-services-basement:18.1.0] AndroidManifest.xml:22:13-58
172            android:value="@integer/google_play_services_version" />
172-->[com.google.android.gms:play-services-basement:18.1.0] AndroidManifest.xml:23:13-66
173        <meta-data
173-->[com.android.billingclient:billing:6.0.1] AndroidManifest.xml:19:9-21:37
174            android:name="com.google.android.play.billingclient.version"
174-->[com.android.billingclient:billing:6.0.1] AndroidManifest.xml:20:13-73
175            android:value="6.0.1" />
175-->[com.android.billingclient:billing:6.0.1] AndroidManifest.xml:21:13-34
176
177        <activity
177-->[com.android.billingclient:billing:6.0.1] AndroidManifest.xml:23:9-27:75
178            android:name="com.android.billingclient.api.ProxyBillingActivity"
178-->[com.android.billingclient:billing:6.0.1] AndroidManifest.xml:24:13-78
179            android:configChanges="keyboard|keyboardHidden|screenLayout|screenSize|orientation"
179-->[com.android.billingclient:billing:6.0.1] AndroidManifest.xml:25:13-96
180            android:exported="false"
180-->[com.android.billingclient:billing:6.0.1] AndroidManifest.xml:26:13-37
181            android:theme="@android:style/Theme.Translucent.NoTitleBar" />
181-->[com.android.billingclient:billing:6.0.1] AndroidManifest.xml:27:13-72
182
183        <service
183-->[com.google.android.datatransport:transport-backend-cct:3.1.9] AndroidManifest.xml:28:9-34:19
184            android:name="com.google.android.datatransport.runtime.backends.TransportBackendDiscovery"
184-->[com.google.android.datatransport:transport-backend-cct:3.1.9] AndroidManifest.xml:29:13-103
185            android:exported="false" >
185-->[com.google.android.datatransport:transport-backend-cct:3.1.9] AndroidManifest.xml:30:13-37
186            <meta-data
186-->[com.google.android.datatransport:transport-backend-cct:3.1.9] AndroidManifest.xml:31:13-33:39
187                android:name="backend:com.google.android.datatransport.cct.CctBackendFactory"
187-->[com.google.android.datatransport:transport-backend-cct:3.1.9] AndroidManifest.xml:32:17-94
188                android:value="cct" />
188-->[com.google.android.datatransport:transport-backend-cct:3.1.9] AndroidManifest.xml:33:17-36
189        </service>
190        <service
190-->[com.google.android.datatransport:transport-runtime:3.1.9] AndroidManifest.xml:26:9-30:19
191            android:name="com.google.android.datatransport.runtime.scheduling.jobscheduling.JobInfoSchedulerService"
191-->[com.google.android.datatransport:transport-runtime:3.1.9] AndroidManifest.xml:27:13-117
192            android:exported="false"
192-->[com.google.android.datatransport:transport-runtime:3.1.9] AndroidManifest.xml:28:13-37
193            android:permission="android.permission.BIND_JOB_SERVICE" >
193-->[com.google.android.datatransport:transport-runtime:3.1.9] AndroidManifest.xml:29:13-69
194        </service>
195
196        <receiver
196-->[com.google.android.datatransport:transport-runtime:3.1.9] AndroidManifest.xml:32:9-34:40
197            android:name="com.google.android.datatransport.runtime.scheduling.jobscheduling.AlarmManagerSchedulerBroadcastReceiver"
197-->[com.google.android.datatransport:transport-runtime:3.1.9] AndroidManifest.xml:33:13-132
198            android:exported="false" />
198-->[com.google.android.datatransport:transport-runtime:3.1.9] AndroidManifest.xml:34:13-37
199        <receiver
199-->[androidx.profileinstaller:profileinstaller:1.3.0] AndroidManifest.xml:34:9-52:20
200            android:name="androidx.profileinstaller.ProfileInstallReceiver"
200-->[androidx.profileinstaller:profileinstaller:1.3.0] AndroidManifest.xml:35:13-76
201            android:directBootAware="false"
201-->[androidx.profileinstaller:profileinstaller:1.3.0] AndroidManifest.xml:36:13-44
202            android:enabled="true"
202-->[androidx.profileinstaller:profileinstaller:1.3.0] AndroidManifest.xml:37:13-35
203            android:exported="true"
203-->[androidx.profileinstaller:profileinstaller:1.3.0] AndroidManifest.xml:38:13-36
204            android:permission="android.permission.DUMP" >
204-->[androidx.profileinstaller:profileinstaller:1.3.0] AndroidManifest.xml:39:13-57
205            <intent-filter>
205-->[androidx.profileinstaller:profileinstaller:1.3.0] AndroidManifest.xml:40:13-42:29
206                <action android:name="androidx.profileinstaller.action.INSTALL_PROFILE" />
206-->[androidx.profileinstaller:profileinstaller:1.3.0] AndroidManifest.xml:41:17-91
206-->[androidx.profileinstaller:profileinstaller:1.3.0] AndroidManifest.xml:41:25-88
207            </intent-filter>
208            <intent-filter>
208-->[androidx.profileinstaller:profileinstaller:1.3.0] AndroidManifest.xml:43:13-45:29
209                <action android:name="androidx.profileinstaller.action.SKIP_FILE" />
209-->[androidx.profileinstaller:profileinstaller:1.3.0] AndroidManifest.xml:44:17-85
209-->[androidx.profileinstaller:profileinstaller:1.3.0] AndroidManifest.xml:44:25-82
210            </intent-filter>
211            <intent-filter>
211-->[androidx.profileinstaller:profileinstaller:1.3.0] AndroidManifest.xml:46:13-48:29
212                <action android:name="androidx.profileinstaller.action.SAVE_PROFILE" />
212-->[androidx.profileinstaller:profileinstaller:1.3.0] AndroidManifest.xml:47:17-88
212-->[androidx.profileinstaller:profileinstaller:1.3.0] AndroidManifest.xml:47:25-85
213            </intent-filter>
214            <intent-filter>
214-->[androidx.profileinstaller:profileinstaller:1.3.0] AndroidManifest.xml:49:13-51:29
215                <action android:name="androidx.profileinstaller.action.BENCHMARK_OPERATION" />
215-->[androidx.profileinstaller:profileinstaller:1.3.0] AndroidManifest.xml:50:17-95
215-->[androidx.profileinstaller:profileinstaller:1.3.0] AndroidManifest.xml:50:25-92
216            </intent-filter>
217        </receiver> <!-- The activities will be merged into the manifest of the hosting app. -->
218        <activity
218-->[com.google.android.play:core-common:2.0.3] AndroidManifest.xml:14:9-18:65
219            android:name="com.google.android.play.core.common.PlayCoreDialogWrapperActivity"
219-->[com.google.android.play:core-common:2.0.3] AndroidManifest.xml:15:13-93
220            android:exported="false"
220-->[com.google.android.play:core-common:2.0.3] AndroidManifest.xml:16:13-37
221            android:stateNotNeeded="true"
221-->[com.google.android.play:core-common:2.0.3] AndroidManifest.xml:17:13-42
222            android:theme="@style/Theme.PlayCore.Transparent" />
222-->[com.google.android.play:core-common:2.0.3] AndroidManifest.xml:18:13-62
223    </application>
224
225</manifest>